Using pre-set license
Built from '2021.1/staging' branch; Version is '2021.1.7f1 (d91830b65d9b) revision 14227504'; Using compiler version '192528614'; Build Type 'Release'
OS: 'Windows 10 Pro; OS build 22000.675; Version 2009; 64bit' Language: 'en' Physical Memory: 32612 MB
BatchMode: 1, IsHumanControllingUs: 0, StartBugReporterOnCrash: 0, Is64bit: 1, IsPro: 0

 COMMAND LINE ARGUMENTS:
C:\Program Files\Unity\Hub\Editor\2021.1.7f1\Editor\Unity.exe
-adb2
-batchMode
-noUpm
-name
AssetImportWorker0
-projectPath
C:/Users/Maxine/MEGA Directed Coursework
-logFile
Logs/AssetImportWorker0.log
-srvPort
51159
Successfully changed project path to: C:/Users/Maxine/MEGA Directed Coursework
C:/Users/Maxine/MEGA Directed Coursework
Using Asset Import Pipeline V2.
Refreshing native plugins compatible for Editor in 28.65 ms, found 2 plugins.
Preloading 0 native plugins for Editor in 0.00 ms.
Initialize engine version: 2021.1.7f1 (d91830b65d9b)
[Subsystems] Discovering subsystems at path C:/Program Files/Unity/Hub/Editor/2021.1.7f1/Editor/Data/Resources/UnitySubsystems
[Subsystems] Discovering subsystems at path C:/Users/Maxine/MEGA Directed Coursework/Assets
GfxDevice: creating device client; threaded=0; jobified=0
Direct3D:
    Version:  Direct3D 11.0 [level 11.1]
    Renderer: NVIDIA GeForce RTX 2080 Ti (ID=0x1e07)
    Vendor:   NVIDIA
    VRAM:     11049 MB
    Driver:   30.0.15.1277
Initialize mono
Mono path[0] = 'C:/Program Files/Unity/Hub/Editor/2021.1.7f1/Editor/Data/Managed'
Mono path[1] = 'C:/Program Files/Unity/Hub/Editor/2021.1.7f1/Editor/Data/MonoBleedingEdge/lib/mono/unityjit'
Mono config path = 'C:/Program Files/Unity/Hub/Editor/2021.1.7f1/Editor/Data/MonoBleedingEdge/etc'
Using monoOptions --debugger-agent=transport=dt_socket,embedding=1,server=y,suspend=n,address=127.0.0.1:56700
Begin MonoManager ReloadAssembly
Registering precompiled unity dll's ...
Register platform support module: C:/Program Files/Unity/Hub/Editor/2021.1.7f1/Editor/Data/PlaybackEngines/WindowsStandaloneSupport/UnityEditor.WindowsStandalone.Extensions.dll
Registered in 0.002568 seconds.
Native extension for WindowsStandalone target not found
Refreshing native plugins compatible for Editor in 30.85 ms, found 2 plugins.
Preloading 0 native plugins for Editor in 0.00 ms.
Mono: successfully reloaded assembly
- Completed reload, in  1.189 seconds
Platform modules already initialized, skipping
Registering precompiled user dll's ...
Registered in 0.004859 seconds.
Begin MonoManager ReloadAssembly
Native extension for WindowsStandalone target not found
Refreshing native plugins compatible for Editor in 0.38 ms, found 2 plugins.
Preloading 0 native plugins for Editor in 0.00 ms.
Mono: successfully reloaded assembly
- Completed reload, in  0.864 seconds
Platform modules already initialized, skipping
========================================================================
Worker process is ready to serve import requests
Launched and connected shader compiler UnityShaderCompiler.exe after 0.10 seconds
Refreshing native plugins compatible for Editor in 0.36 ms, found 2 plugins.
Preloading 0 native plugins for Editor in 0.00 ms.
Unloading 1532 Unused Serialized files (Serialized files now loaded: 0)
System memory in use before: 69.6 MB.
System memory in use after: 69.6 MB.

Unloading 16 unused Assets to reduce memory usage. Loaded Objects now: 1982.
Total: 1.654900 ms (FindLiveObjects: 0.140000 ms CreateObjectMapping: 0.047400 ms MarkObjects: 1.417700 ms  DeleteObjects: 0.048600 ms)

========================================================================
Received Import Request.
  path: Assets/Scripts/Physics/AABB.cs
  artifactKey: Guid(bffebb8737989bb488ffc9eb570c2e73) Importer(815301076,1909f56bfc062723c751e8b465ee728b)
Start importing Assets/Scripts/Physics/AABB.cs using Guid(bffebb8737989bb488ffc9eb570c2e73) Importer(815301076,1909f56bfc062723c751e8b465ee728b)  -> (artifact id: '485670a15dea2702a1b0e8e212e4d2a6') in 0.025316 seconds 
========================================================================
Received Prepare
Registering precompiled user dll's ...
Registered in 0.004143 seconds.
Begin MonoManager ReloadAssembly
Native extension for WindowsStandalone target not found
Refreshing native plugins compatible for Editor in 0.33 ms, found 2 plugins.
Preloading 0 native plugins for Editor in 0.00 ms.
Mono: successfully reloaded assembly
- Completed reload, in  0.806 seconds
Platform modules already initialized, skipping
Refreshing native plugins compatible for Editor in 0.50 ms, found 2 plugins.
Preloading 0 native plugins for Editor in 0.00 ms.
Unloading 1526 Unused Serialized files (Serialized files now loaded: 0)
System memory in use before: 69.4 MB.
System memory in use after: 69.5 MB.

Unloading 11 unused Assets to reduce memory usage. Loaded Objects now: 1984.
Total: 1.819300 ms (FindLiveObjects: 0.140900 ms CreateObjectMapping: 0.047200 ms MarkObjects: 1.615600 ms  DeleteObjects: 0.014000 ms)

========================================================================
Received Import Request.
  Time since last request: 899.487084 seconds.
  path: Assets/Scripts/Actors/translateObject.cs
  artifactKey: Guid(e0492a9d5aa125f4fb75121219b506d2) Importer(815301076,1909f56bfc062723c751e8b465ee728b)
Start importing Assets/Scripts/Actors/translateObject.cs using Guid(e0492a9d5aa125f4fb75121219b506d2) Importer(815301076,1909f56bfc062723c751e8b465ee728b)  -> (artifact id: 'a575f7b81cc990922f35d24dd4b9ee0d') in 0.005434 seconds 
========================================================================
Received Prepare
Registering precompiled user dll's ...
Registered in 0.003674 seconds.
Begin MonoManager ReloadAssembly
Native extension for WindowsStandalone target not found
Refreshing native plugins compatible for Editor in 0.28 ms, found 2 plugins.
Preloading 0 native plugins for Editor in 0.00 ms.
Mono: successfully reloaded assembly
- Completed reload, in  0.794 seconds
Platform modules already initialized, skipping
Refreshing native plugins compatible for Editor in 0.29 ms, found 2 plugins.
Preloading 0 native plugins for Editor in 0.00 ms.
Unloading 1526 Unused Serialized files (Serialized files now loaded: 0)
System memory in use before: 69.4 MB.
System memory in use after: 69.5 MB.

Unloading 11 unused Assets to reduce memory usage. Loaded Objects now: 1986.
Total: 1.832400 ms (FindLiveObjects: 0.129200 ms CreateObjectMapping: 0.045600 ms MarkObjects: 1.644500 ms  DeleteObjects: 0.012300 ms)

========================================================================
Received Prepare
Registering precompiled user dll's ...
Registered in 0.003528 seconds.
Begin MonoManager ReloadAssembly
Native extension for WindowsStandalone target not found
Refreshing native plugins compatible for Editor in 0.34 ms, found 2 plugins.
Preloading 0 native plugins for Editor in 0.00 ms.
Mono: successfully reloaded assembly
- Completed reload, in  0.768 seconds
Platform modules already initialized, skipping
Refreshing native plugins compatible for Editor in 0.31 ms, found 2 plugins.
Preloading 0 native plugins for Editor in 0.00 ms.
Unloading 1526 Unused Serialized files (Serialized files now loaded: 0)
System memory in use before: 69.4 MB.
System memory in use after: 69.6 MB.

Unloading 11 unused Assets to reduce memory usage. Loaded Objects now: 1988.
Total: 1.988500 ms (FindLiveObjects: 0.201600 ms CreateObjectMapping: 0.072600 ms MarkObjects: 1.700500 ms  DeleteObjects: 0.013000 ms)

========================================================================
Received Import Request.
  Time since last request: 52.578221 seconds.
  path: Assets/Scripts/Actors/scaleObject.cs
  artifactKey: Guid(079d92636fc1fb84595578e0293c381e) Importer(815301076,1909f56bfc062723c751e8b465ee728b)
Start importing Assets/Scripts/Actors/scaleObject.cs using Guid(079d92636fc1fb84595578e0293c381e) Importer(815301076,1909f56bfc062723c751e8b465ee728b)  -> (artifact id: '0f1332568002eeb3c2ba95d39274d6fa') in 0.006649 seconds 
========================================================================
Received Prepare
Registering precompiled user dll's ...
Registered in 0.003637 seconds.
Begin MonoManager ReloadAssembly
Native extension for WindowsStandalone target not found
Refreshing native plugins compatible for Editor in 0.37 ms, found 2 plugins.
Preloading 0 native plugins for Editor in 0.00 ms.
Mono: successfully reloaded assembly
- Completed reload, in  0.744 seconds
Platform modules already initialized, skipping
Refreshing native plugins compatible for Editor in 0.26 ms, found 2 plugins.
Preloading 0 native plugins for Editor in 0.00 ms.
Unloading 1526 Unused Serialized files (Serialized files now loaded: 0)
System memory in use before: 69.5 MB.
System memory in use after: 69.6 MB.

Unloading 11 unused Assets to reduce memory usage. Loaded Objects now: 1990.
Total: 1.793500 ms (FindLiveObjects: 0.133900 ms CreateObjectMapping: 0.043100 ms MarkObjects: 1.604800 ms  DeleteObjects: 0.011000 ms)

========================================================================
Received Prepare
Registering precompiled user dll's ...
Registered in 0.003740 seconds.
Begin MonoManager ReloadAssembly
Native extension for WindowsStandalone target not found
Refreshing native plugins compatible for Editor in 0.31 ms, found 2 plugins.
Preloading 0 native plugins for Editor in 0.00 ms.
Mono: successfully reloaded assembly
- Completed reload, in  0.764 seconds
Platform modules already initialized, skipping
Refreshing native plugins compatible for Editor in 0.39 ms, found 2 plugins.
Preloading 0 native plugins for Editor in 0.00 ms.
Unloading 1526 Unused Serialized files (Serialized files now loaded: 0)
System memory in use before: 69.5 MB.
System memory in use after: 69.6 MB.

Unloading 11 unused Assets to reduce memory usage. Loaded Objects now: 1992.
Total: 1.596800 ms (FindLiveObjects: 0.132600 ms CreateObjectMapping: 0.045100 ms MarkObjects: 1.407700 ms  DeleteObjects: 0.010500 ms)

========================================================================
Received Import Request.
  Time since last request: 81.357222 seconds.
  path: Assets/Scripts/Actors/rotateObject.cs
  artifactKey: Guid(22363b6fa17dda343b2dc1a25addea22) Importer(815301076,1909f56bfc062723c751e8b465ee728b)
Start importing Assets/Scripts/Actors/rotateObject.cs using Guid(22363b6fa17dda343b2dc1a25addea22) Importer(815301076,1909f56bfc062723c751e8b465ee728b)  -> (artifact id: 'f52a339226d640b10ef9d838415349ea') in 0.006147 seconds 
========================================================================
Received Prepare
Registering precompiled user dll's ...
Registered in 0.003476 seconds.
Begin MonoManager ReloadAssembly
Native extension for WindowsStandalone target not found
Refreshing native plugins compatible for Editor in 0.47 ms, found 2 plugins.
Preloading 0 native plugins for Editor in 0.00 ms.
Mono: successfully reloaded assembly
- Completed reload, in  0.834 seconds
Platform modules already initialized, skipping
Refreshing native plugins compatible for Editor in 0.28 ms, found 2 plugins.
Preloading 0 native plugins for Editor in 0.00 ms.
Unloading 1526 Unused Serialized files (Serialized files now loaded: 0)
System memory in use before: 69.5 MB.
System memory in use after: 69.6 MB.

Unloading 11 unused Assets to reduce memory usage. Loaded Objects now: 1994.
Total: 1.666000 ms (FindLiveObjects: 0.139300 ms CreateObjectMapping: 0.047600 ms MarkObjects: 1.466000 ms  DeleteObjects: 0.012100 ms)

========================================================================
Received Prepare
Registering precompiled user dll's ...
Registered in 0.003669 seconds.
Begin MonoManager ReloadAssembly
Native extension for WindowsStandalone target not found
Refreshing native plugins compatible for Editor in 0.30 ms, found 2 plugins.
Preloading 0 native plugins for Editor in 0.00 ms.
Mono: successfully reloaded assembly
- Completed reload, in  0.760 seconds
Platform modules already initialized, skipping
Refreshing native plugins compatible for Editor in 0.27 ms, found 2 plugins.
Preloading 0 native plugins for Editor in 0.00 ms.
Unloading 1526 Unused Serialized files (Serialized files now loaded: 0)
System memory in use before: 69.5 MB.
System memory in use after: 69.6 MB.

Unloading 11 unused Assets to reduce memory usage. Loaded Objects now: 1996.
Total: 1.565200 ms (FindLiveObjects: 0.128000 ms CreateObjectMapping: 0.042900 ms MarkObjects: 1.382400 ms  DeleteObjects: 0.010900 ms)

========================================================================
Received Prepare
Registering precompiled user dll's ...
Registered in 0.003391 seconds.
Begin MonoManager ReloadAssembly
Native extension for WindowsStandalone target not found
Refreshing native plugins compatible for Editor in 0.31 ms, found 2 plugins.
Preloading 0 native plugins for Editor in 0.00 ms.
Mono: successfully reloaded assembly
- Completed reload, in  0.753 seconds
Platform modules already initialized, skipping
Refreshing native plugins compatible for Editor in 0.40 ms, found 2 plugins.
Preloading 0 native plugins for Editor in 0.00 ms.
Unloading 1526 Unused Serialized files (Serialized files now loaded: 0)
System memory in use before: 69.5 MB.
System memory in use after: 69.6 MB.

Unloading 11 unused Assets to reduce memory usage. Loaded Objects now: 1998.
Total: 1.865300 ms (FindLiveObjects: 0.191100 ms CreateObjectMapping: 0.067200 ms MarkObjects: 1.591500 ms  DeleteObjects: 0.014500 ms)

========================================================================
Received Import Request.
  Time since last request: 1043.380990 seconds.
  path: Assets/Scripts/Mathematics/myVector4.cs
  artifactKey: Guid(0c7639ddb92594f46abc9eda1a40e2a9) Importer(2089858483,934ff659095e30574adcf32a4c2f97b5)
Start importing Assets/Scripts/Mathematics/myVector4.cs using Guid(0c7639ddb92594f46abc9eda1a40e2a9) Importer(2089858483,934ff659095e30574adcf32a4c2f97b5)  -> (artifact id: 'a308cb901ab03cc75063b0fceddefb5e') in 0.078781 seconds 
========================================================================
Received Import Request.
  Time since last request: 0.000627 seconds.
  path: Assets/Scripts/Physics
  artifactKey: Guid(6a7d352f507206645ba1d131e250d44b) Importer(2089858483,934ff659095e30574adcf32a4c2f97b5)
Start importing Assets/Scripts/Physics using Guid(6a7d352f507206645ba1d131e250d44b) Importer(2089858483,934ff659095e30574adcf32a4c2f97b5)  -> (artifact id: '93781626f0c292c36fb14d2b17a7e600') in 0.009315 seconds 
========================================================================
Received Import Request.
  Time since last request: 0.000547 seconds.
  path: Assets/Scripts/Mathematics
  artifactKey: Guid(5cd3250de08172148809e45997311895) Importer(2089858483,934ff659095e30574adcf32a4c2f97b5)
Start importing Assets/Scripts/Mathematics using Guid(5cd3250de08172148809e45997311895) Importer(2089858483,934ff659095e30574adcf32a4c2f97b5)  -> (artifact id: 'ceff52b730d7e6de4920522eabcfa5f6') in 0.008113 seconds 
========================================================================
Received Import Request.
  Time since last request: 0.000704 seconds.
  path: Assets/Scripts/Actors/transformObject.cs
  artifactKey: Guid(955cec1032dcb56469049043c22944c1) Importer(2089858483,934ff659095e30574adcf32a4c2f97b5)
Start importing Assets/Scripts/Actors/transformObject.cs using Guid(955cec1032dcb56469049043c22944c1) Importer(2089858483,934ff659095e30574adcf32a4c2f97b5)  -> (artifact id: '7a6e30bcb119b4564b7f164bee83c2d1') in 0.007997 seconds 
========================================================================
Received Import Request.
  Time since last request: 0.001093 seconds.
  path: Assets/Scripts/myPlayerController.cs
  artifactKey: Guid(8b6ab61ea24d34146928cfcc6e094af6) Importer(2089858483,934ff659095e30574adcf32a4c2f97b5)
Start importing Assets/Scripts/myPlayerController.cs using Guid(8b6ab61ea24d34146928cfcc6e094af6) Importer(2089858483,934ff659095e30574adcf32a4c2f97b5)  -> (artifact id: '16c9580126bc6ea51535d69fb7b27c5d') in 0.007505 seconds 
========================================================================
Received Import Request.
  Time since last request: 0.000825 seconds.
  path: Assets/Scripts/Physics/collisionController.cs
  artifactKey: Guid(71649e14eeb87ef46acd929fc597e06d) Importer(2089858483,934ff659095e30574adcf32a4c2f97b5)
Start importing Assets/Scripts/Physics/collisionController.cs using Guid(71649e14eeb87ef46acd929fc597e06d) Importer(2089858483,934ff659095e30574adcf32a4c2f97b5)  -> (artifact id: '625aae7aa2844641332aa070bddff25b') in 0.009643 seconds 
========================================================================
Received Import Request.
  Time since last request: 0.000452 seconds.
  path: Assets/Scripts/Mathematics/myMaths.cs
  artifactKey: Guid(5b633af1b3a863d44aa9b79a4b3d9ac9) Importer(2089858483,934ff659095e30574adcf32a4c2f97b5)
Start importing Assets/Scripts/Mathematics/myMaths.cs using Guid(5b633af1b3a863d44aa9b79a4b3d9ac9) Importer(2089858483,934ff659095e30574adcf32a4c2f97b5)  -> (artifact id: '98ba21f1c2bfb30ced9a90c72d96cb3d') in 0.008830 seconds 
========================================================================
Received Import Request.
  Time since last request: 0.000802 seconds.
  path: Assets/Scripts/Actors/Runner.cs
  artifactKey: Guid(c2602aeac072b954eb92e26d59d84ac1) Importer(2089858483,934ff659095e30574adcf32a4c2f97b5)
Start importing Assets/Scripts/Actors/Runner.cs using Guid(c2602aeac072b954eb92e26d59d84ac1) Importer(2089858483,934ff659095e30574adcf32a4c2f97b5)  -> (artifact id: '59c6eacc61f3dda7e08b6ef114e13e25') in 0.008439 seconds 
========================================================================
Received Import Request.
  Time since last request: 0.000806 seconds.
  path: Assets/Scripts/Actors/Teleport.cs
  artifactKey: Guid(e527d44f63ab7d149812391eeb056242) Importer(2089858483,934ff659095e30574adcf32a4c2f97b5)
Start importing Assets/Scripts/Actors/Teleport.cs using Guid(e527d44f63ab7d149812391eeb056242) Importer(2089858483,934ff659095e30574adcf32a4c2f97b5)  -> (artifact id: '8a056e63d210c6ff02fef4112c394569') in 0.007152 seconds 
========================================================================
Received Import Request.
  Time since last request: 0.000903 seconds.
  path: Assets/Scripts/Mathematics/MyVector2.cs
  artifactKey: Guid(5a517834d1ed51440a41b6e69b02f9ad) Importer(2089858483,934ff659095e30574adcf32a4c2f97b5)
Start importing Assets/Scripts/Mathematics/MyVector2.cs using Guid(5a517834d1ed51440a41b6e69b02f9ad) Importer(2089858483,934ff659095e30574adcf32a4c2f97b5)  -> (artifact id: 'aff5a006825f65b0567c099691d722bd') in 0.008269 seconds 
========================================================================
Received Import Request.
  Time since last request: 0.000516 seconds.
  path: Assets/Scripts/Mathematics/MyVector3.cs
  artifactKey: Guid(e29070dad0ba91b47be5afe940895fb6) Importer(2089858483,934ff659095e30574adcf32a4c2f97b5)
Start importing Assets/Scripts/Mathematics/MyVector3.cs using Guid(e29070dad0ba91b47be5afe940895fb6) Importer(2089858483,934ff659095e30574adcf32a4c2f97b5)  -> (artifact id: '0686ed7fd8cf57aaa5bf7744597d5766') in 0.008237 seconds 
========================================================================
Received Import Request.
  Time since last request: 0.000540 seconds.
  path: Assets/Scripts/Actors/scaleObject.cs
  artifactKey: Guid(079d92636fc1fb84595578e0293c381e) Importer(2089858483,934ff659095e30574adcf32a4c2f97b5)
Start importing Assets/Scripts/Actors/scaleObject.cs using Guid(079d92636fc1fb84595578e0293c381e) Importer(2089858483,934ff659095e30574adcf32a4c2f97b5)  -> (artifact id: '044de4174273e8b46fc54811b82f3156') in 0.007949 seconds 
========================================================================
Received Import Request.
  Time since last request: 0.000628 seconds.
  path: Assets/Scripts/Actors/rotateObject.cs
  artifactKey: Guid(22363b6fa17dda343b2dc1a25addea22) Importer(2089858483,934ff659095e30574adcf32a4c2f97b5)
Start importing Assets/Scripts/Actors/rotateObject.cs using Guid(22363b6fa17dda343b2dc1a25addea22) Importer(2089858483,934ff659095e30574adcf32a4c2f97b5)  -> (artifact id: '2bd29481a794777c310242dca681639c') in 0.007584 seconds 
========================================================================
Received Import Request.
  Time since last request: 0.000509 seconds.
  path: Assets/Scripts/Mathematics/myTransform.cs
  artifactKey: Guid(f1f67998c597c4c419ab42024d395011) Importer(2089858483,934ff659095e30574adcf32a4c2f97b5)
Start importing Assets/Scripts/Mathematics/myTransform.cs using Guid(f1f67998c597c4c419ab42024d395011) Importer(2089858483,934ff659095e30574adcf32a4c2f97b5)  -> (artifact id: '88b52afabe0d0264b324f0e4e29ac9ab') in 0.007827 seconds 
========================================================================
Received Import Request.
  Time since last request: 0.000511 seconds.
  path: Assets/Scripts/Actors/translateObject.cs
  artifactKey: Guid(e0492a9d5aa125f4fb75121219b506d2) Importer(2089858483,934ff659095e30574adcf32a4c2f97b5)
Start importing Assets/Scripts/Actors/translateObject.cs using Guid(e0492a9d5aa125f4fb75121219b506d2) Importer(2089858483,934ff659095e30574adcf32a4c2f97b5)  -> (artifact id: '5a6ce629d0b6a0a9af0bf33508127d10') in 0.007631 seconds 
========================================================================
Received Import Request.
  Time since last request: 0.000608 seconds.
  path: Assets/Scenes/SampleScene.unity
  artifactKey: Guid(9fc0d4010bbf28b4594072e72b8655ab) Importer(2089858483,934ff659095e30574adcf32a4c2f97b5)
Start importing Assets/Scenes/SampleScene.unity using Guid(9fc0d4010bbf28b4594072e72b8655ab) Importer(2089858483,934ff659095e30574adcf32a4c2f97b5)  -> (artifact id: 'c101618d058350d6b8e4940848d25ca9') in 0.007568 seconds 
========================================================================
Received Import Request.
  Time since last request: 0.000694 seconds.
  path: Assets/Scripts/Physics/AABB.cs
  artifactKey: Guid(bffebb8737989bb488ffc9eb570c2e73) Importer(2089858483,934ff659095e30574adcf32a4c2f97b5)
Start importing Assets/Scripts/Physics/AABB.cs using Guid(bffebb8737989bb488ffc9eb570c2e73) Importer(2089858483,934ff659095e30574adcf32a4c2f97b5)  -> (artifact id: '78e28d4597d54a3329331102438808a5') in 0.009610 seconds 
========================================================================
Received Import Request.
  Time since last request: 0.001414 seconds.
  path: Assets/Scripts/Actors/Interpolator.cs
  artifactKey: Guid(f0724a279489b6041b211f1990feb4eb) Importer(2089858483,934ff659095e30574adcf32a4c2f97b5)
Start importing Assets/Scripts/Actors/Interpolator.cs using Guid(f0724a279489b6041b211f1990feb4eb) Importer(2089858483,934ff659095e30574adcf32a4c2f97b5)  -> (artifact id: 'a572818c4245ece868ff9c4b76f703f3') in 0.009903 seconds 
========================================================================
Received Import Request.
  Time since last request: 0.000530 seconds.
  path: Assets/Scripts/Mathematics/myTransform_OLD.cs
  artifactKey: Guid(abbeaad204d8ea1469f6c0e2045be151) Importer(2089858483,934ff659095e30574adcf32a4c2f97b5)
Start importing Assets/Scripts/Mathematics/myTransform_OLD.cs using Guid(abbeaad204d8ea1469f6c0e2045be151) Importer(2089858483,934ff659095e30574adcf32a4c2f97b5)  -> (artifact id: 'dcd8c588ba0e22c4bb18dfe68c41f565') in 0.008531 seconds 
========================================================================
Received Import Request.
  Time since last request: 0.000865 seconds.
  path: Assets/Scripts/Actors/LinearMove.cs
  artifactKey: Guid(11d6973ab7d56b84fb042c42eca661a6) Importer(2089858483,934ff659095e30574adcf32a4c2f97b5)
Start importing Assets/Scripts/Actors/LinearMove.cs using Guid(11d6973ab7d56b84fb042c42eca661a6) Importer(2089858483,934ff659095e30574adcf32a4c2f97b5)  -> (artifact id: 'ec8a38de060134aad8eedb2f3d9fed57') in 0.008247 seconds 
========================================================================
Received Import Request.
  Time since last request: 0.000979 seconds.
  path: Assets/Scripts/Actors
  artifactKey: Guid(8d5141f9468ade14ca218a6f9a7b31e1) Importer(2089858483,934ff659095e30574adcf32a4c2f97b5)
Start importing Assets/Scripts/Actors using Guid(8d5141f9468ade14ca218a6f9a7b31e1) Importer(2089858483,934ff659095e30574adcf32a4c2f97b5)  -> (artifact id: '3da3e3c576f680a79d69afa6798bce36') in 0.007214 seconds 
========================================================================
Received Import Request.
  Time since last request: 0.000409 seconds.
  path: Assets/Scripts/Physics/myRigidBody.cs
  artifactKey: Guid(86408019340e8234f8dfbbe583ed6523) Importer(2089858483,934ff659095e30574adcf32a4c2f97b5)
Start importing Assets/Scripts/Physics/myRigidBody.cs using Guid(86408019340e8234f8dfbbe583ed6523) Importer(2089858483,934ff659095e30574adcf32a4c2f97b5)  -> (artifact id: '30eed529898b1d0169283319cd12f258') in 0.008670 seconds 
========================================================================
Received Import Request.
  Time since last request: 0.000425 seconds.
  path: Assets/Scripts/Actors/Chase.cs
  artifactKey: Guid(b5c58ce6bcc45494c9e049af85b091f2) Importer(2089858483,934ff659095e30574adcf32a4c2f97b5)
Start importing Assets/Scripts/Actors/Chase.cs using Guid(b5c58ce6bcc45494c9e049af85b091f2) Importer(2089858483,934ff659095e30574adcf32a4c2f97b5)  -> (artifact id: '263c3eaa2e6a2f488b681d0fe7946cb9') in 0.007578 seconds 
========================================================================
Received Import Request.
  Time since last request: 0.000742 seconds.
  path: Assets/Scripts/Physics/myCollisions.cs
  artifactKey: Guid(83657bf3802f9414a93a556b11eb709e) Importer(2089858483,934ff659095e30574adcf32a4c2f97b5)
Start importing Assets/Scripts/Physics/myCollisions.cs using Guid(83657bf3802f9414a93a556b11eb709e) Importer(2089858483,934ff659095e30574adcf32a4c2f97b5)  -> (artifact id: 'a636c675bdd32c14ba1d03c91724cd0c') in 0.007520 seconds 
========================================================================
Received Prepare
Registering precompiled user dll's ...
Registered in 0.003867 seconds.
Begin MonoManager ReloadAssembly
Native extension for WindowsStandalone target not found
Refreshing native plugins compatible for Editor in 0.32 ms, found 2 plugins.
Preloading 0 native plugins for Editor in 0.00 ms.
Mono: successfully reloaded assembly
- Completed reload, in  0.888 seconds
Platform modules already initialized, skipping
Refreshing native plugins compatible for Editor in 0.32 ms, found 2 plugins.
Preloading 0 native plugins for Editor in 0.00 ms.
Unloading 1526 Unused Serialized files (Serialized files now loaded: 0)
System memory in use before: 69.5 MB.
System memory in use after: 69.6 MB.

Unloading 11 unused Assets to reduce memory usage. Loaded Objects now: 2000.
Total: 2.360800 ms (FindLiveObjects: 0.149100 ms CreateObjectMapping: 0.048700 ms MarkObjects: 2.139300 ms  DeleteObjects: 0.022800 ms)

AssetImportWorkerClient::OnTransportError - code=2 error=End of file
