Using pre-set license
Built from '2021.1/staging' branch; Version is '2021.1.7f1 (d91830b65d9b) revision 14227504'; Using compiler version '192528614'; Build Type 'Release'
OS: 'Windows 10 Pro; OS build 22000.556; Version 2009; 64bit' Language: 'en' Physical Memory: 32612 MB
BatchMode: 1, IsHumanControllingUs: 0, StartBugReporterOnCrash: 0, Is64bit: 1, IsPro: 0

 COMMAND LINE ARGUMENTS:
C:\Program Files\Unity\Hub\Editor\2021.1.7f1\Editor\Unity.exe
-adb2
-batchMode
-noUpm
-name
AssetImportWorker1
-projectPath
C:/Users/Maxine/MEGA Directed Coursework
-logFile
Logs/AssetImportWorker1.log
-srvPort
65008
Successfully changed project path to: C:/Users/Maxine/MEGA Directed Coursework
C:/Users/Maxine/MEGA Directed Coursework
Using Asset Import Pipeline V2.
Refreshing native plugins compatible for Editor in 22.67 ms, found 2 plugins.
Preloading 0 native plugins for Editor in 0.00 ms.
Initialize engine version: 2021.1.7f1 (d91830b65d9b)
[Subsystems] Discovering subsystems at path C:/Program Files/Unity/Hub/Editor/2021.1.7f1/Editor/Data/Resources/UnitySubsystems
[Subsystems] Discovering subsystems at path C:/Users/Maxine/MEGA Directed Coursework/Assets
GfxDevice: creating device client; threaded=0; jobified=0
Direct3D:
    Version:  Direct3D 11.0 [level 11.1]
    Renderer: NVIDIA GeForce RTX 2080 Ti (ID=0x1e07)
    Vendor:   NVIDIA
    VRAM:     11049 MB
    Driver:   30.0.15.1215
Initialize mono
Mono path[0] = 'C:/Program Files/Unity/Hub/Editor/2021.1.7f1/Editor/Data/Managed'
Mono path[1] = 'C:/Program Files/Unity/Hub/Editor/2021.1.7f1/Editor/Data/MonoBleedingEdge/lib/mono/unityjit'
Mono config path = 'C:/Program Files/Unity/Hub/Editor/2021.1.7f1/Editor/Data/MonoBleedingEdge/etc'
Using monoOptions --debugger-agent=transport=dt_socket,embedding=1,server=y,suspend=n,address=127.0.0.1:56196
Begin MonoManager ReloadAssembly
Registering precompiled unity dll's ...
Register platform support module: C:/Program Files/Unity/Hub/Editor/2021.1.7f1/Editor/Data/PlaybackEngines/WindowsStandaloneSupport/UnityEditor.WindowsStandalone.Extensions.dll
Registered in 0.001148 seconds.
Native extension for WindowsStandalone target not found
Refreshing native plugins compatible for Editor in 23.85 ms, found 2 plugins.
Preloading 0 native plugins for Editor in 0.00 ms.
Mono: successfully reloaded assembly
- Completed reload, in  0.852 seconds
Platform modules already initialized, skipping
Registering precompiled user dll's ...
Registered in 0.001738 seconds.
Begin MonoManager ReloadAssembly
Native extension for WindowsStandalone target not found
Refreshing native plugins compatible for Editor in 0.31 ms, found 2 plugins.
Preloading 0 native plugins for Editor in 0.00 ms.
Mono: successfully reloaded assembly
- Completed reload, in  0.781 seconds
Platform modules already initialized, skipping
========================================================================
Worker process is ready to serve import requests
Launched and connected shader compiler UnityShaderCompiler.exe after 0.03 seconds
Refreshing native plugins compatible for Editor in 0.55 ms, found 2 plugins.
Preloading 0 native plugins for Editor in 0.00 ms.
Unloading 1526 Unused Serialized files (Serialized files now loaded: 0)
System memory in use before: 69.4 MB.
System memory in use after: 69.5 MB.

Unloading 16 unused Assets to reduce memory usage. Loaded Objects now: 1976.
Total: 2.233900 ms (FindLiveObjects: 0.199000 ms CreateObjectMapping: 0.080400 ms MarkObjects: 1.884000 ms  DeleteObjects: 0.069200 ms)

========================================================================
Received Import Request.
  path: Assets/Scenes
  artifactKey: Guid(1f4556922b95a62438d191f9788bf417) Importer(815301076,1909f56bfc062723c751e8b465ee728b)
Start importing Assets/Scenes using Guid(1f4556922b95a62438d191f9788bf417) Importer(815301076,1909f56bfc062723c751e8b465ee728b)  -> (artifact id: 'd0c80cb2339960605ea0347749084894') in 0.009882 seconds 
========================================================================
Received Import Request.
  Time since last request: 3.505632 seconds.
  path: Packages/com.unity.ugui
  artifactKey: Guid(8f7652e09069a1943278893d4264401e) Importer(815301076,1909f56bfc062723c751e8b465ee728b)
Start importing Packages/com.unity.ugui using Guid(8f7652e09069a1943278893d4264401e) Importer(815301076,1909f56bfc062723c751e8b465ee728b)  -> (artifact id: '9be8eef517426cf4e5d1ef023f0f7cab') in 0.008211 seconds 
========================================================================
Received Import Request.
  Time since last request: 1.207279 seconds.
  path: Packages/com.unity.ugui/package.json
  artifactKey: Guid(319b8889f363f5947acf209c17a94149) Importer(815301076,1909f56bfc062723c751e8b465ee728b)
Start importing Packages/com.unity.ugui/package.json using Guid(319b8889f363f5947acf209c17a94149) Importer(815301076,1909f56bfc062723c751e8b465ee728b)  -> (artifact id: 'b2303eab830ceb169e07e6b830573085') in 0.023593 seconds 
========================================================================
Received Import Request.
  Time since last request: 0.959178 seconds.
  path: Packages/com.unity.ugui/Editor
  artifactKey: Guid(bee384ad5b4d1a843a018082e7db53cd) Importer(815301076,1909f56bfc062723c751e8b465ee728b)
Start importing Packages/com.unity.ugui/Editor using Guid(bee384ad5b4d1a843a018082e7db53cd) Importer(815301076,1909f56bfc062723c751e8b465ee728b)  -> (artifact id: '3a6882089124fa3e3e4daf11573b2a9a') in 0.004817 seconds 
========================================================================
Received Import Request.
  Time since last request: 0.130136 seconds.
  path: Packages/com.unity.ugui/Editor/UnityEditor.UI.asmdef
  artifactKey: Guid(343deaaf83e0cee4ca978e7df0b80d21) Importer(815301076,1909f56bfc062723c751e8b465ee728b)
Start importing Packages/com.unity.ugui/Editor/UnityEditor.UI.asmdef using Guid(343deaaf83e0cee4ca978e7df0b80d21) Importer(815301076,1909f56bfc062723c751e8b465ee728b)  -> (artifact id: 'b6729f57df2b31e1ee16d37afa663e95') in 0.005506 seconds 
========================================================================
Received Import Request.
  Time since last request: 5.880897 seconds.
  path: Packages/com.unity.ugui/Runtime/UnityEngine.UI.asmdef
  artifactKey: Guid(2bafac87e7f4b9b418d9448d219b01ab) Importer(815301076,1909f56bfc062723c751e8b465ee728b)
Start importing Packages/com.unity.ugui/Runtime/UnityEngine.UI.asmdef using Guid(2bafac87e7f4b9b418d9448d219b01ab) Importer(815301076,1909f56bfc062723c751e8b465ee728b)  -> (artifact id: '3224c5c8c99373c2846106f63d19adfc') in 0.004319 seconds 
========================================================================
Received Import Request.
  Time since last request: 2.506724 seconds.
  path: Packages/com.unity.ugui/Editor/Properties
  artifactKey: Guid(cf97e54bcd5479a46bdbade48da047cc) Importer(815301076,1909f56bfc062723c751e8b465ee728b)
Start importing Packages/com.unity.ugui/Editor/Properties using Guid(cf97e54bcd5479a46bdbade48da047cc) Importer(815301076,1909f56bfc062723c751e8b465ee728b)  -> (artifact id: 'c788801ec8a5f2bb301b7ee0a04d7031') in 0.005003 seconds 
========================================================================
Received Import Request.
  Time since last request: 0.361462 seconds.
  path: Packages/com.unity.ugui/Editor/UI
  artifactKey: Guid(853edc343b78a7c4c81cbb3851d48c0a) Importer(815301076,1909f56bfc062723c751e8b465ee728b)
Start importing Packages/com.unity.ugui/Editor/UI using Guid(853edc343b78a7c4c81cbb3851d48c0a) Importer(815301076,1909f56bfc062723c751e8b465ee728b)  -> (artifact id: 'd002f742b9a7dd36a18a266ab4d12948') in 0.004666 seconds 
========================================================================
Received Import Request.
  Time since last request: 2.436793 seconds.
  path: Packages/com.unity.ugui/Editor/UI/PropertyDrawers
  artifactKey: Guid(bc9aa6d5a7945f34882c442e9e201537) Importer(815301076,1909f56bfc062723c751e8b465ee728b)
Start importing Packages/com.unity.ugui/Editor/UI/PropertyDrawers using Guid(bc9aa6d5a7945f34882c442e9e201537) Importer(815301076,1909f56bfc062723c751e8b465ee728b)  -> (artifact id: '111327928ffa3c2cf6dba6243ce20b25') in 0.004809 seconds 
========================================================================
Received Import Request.
  Time since last request: 2.337187 seconds.
  path: Packages/com.unity.ugui/Editor/EventSystem
  artifactKey: Guid(f525580684527b147b70cf94aaa70dbc) Importer(815301076,1909f56bfc062723c751e8b465ee728b)
Start importing Packages/com.unity.ugui/Editor/EventSystem using Guid(f525580684527b147b70cf94aaa70dbc) Importer(815301076,1909f56bfc062723c751e8b465ee728b)  -> (artifact id: 'c4b37b2e22ab6ff32db1adf16b697df2') in 0.004436 seconds 
AssetImportWorkerClient::OnTransportError - code=2 error=End of file
